============================================================================== 
grademaster v0.3.0 (2019-11-25)

Johannes Hachmann (hachmann@buffalo.edu) with contributions by:
   Mojtaba Haghighatlari (jobfile, Pandas dataframe) 

============================================================================== 
Mon May  1 18:46:11 2023

This little program is designed to help manage course grades, make grade projections, etc.

Invoked command line: 
grademaster.py --data_file ../tests/grade_dummy_file_v2.csv --error_file error.log --logfile log.log

Invoked options: 
   data_file: ../tests/grade_dummy_file_v2.csv
   job_file: job_file.test
   requestmeeting: False
   print_level: 2
   logfile: log.log
   error_file: error.log

------------------------------------------------------------------------------ 
Starting data acquisition...
   ...reading in data...
   ...cleaning data structure...
   ...identify keys...
   ...checking validity of data structurei...
...data acquisition finished.
------------------------------------------------------------------------------ 
Summary of acquired data:
   Number of students:  72
   Number of homeworks: 10
   Number of midterms:  2
   Number of finals:    1
------------------------------------------------------------------------------ 
Starting calculation of grades and grade projections...
============================================================================== 
grademaster v0.3.0 (2019-11-25)

Johannes Hachmann (hachmann@buffalo.edu) with contributions by:
   Mojtaba Haghighatlari (jobfile, Pandas dataframe) 

============================================================================== 
Mon May  1 18:49:37 2023

This little program is designed to help manage course grades, make grade projections, etc.

Invoked command line: 
grademaster.py --data_file ../tests/grade_dummy_file_v2.csv --error_file error.log --logfile log.log

Invoked options: 
   data_file: ../tests/grade_dummy_file_v2.csv
   job_file: job_file.test
   requestmeeting: False
   print_level: 2
   logfile: log.log
   error_file: error.log

------------------------------------------------------------------------------ 
Starting data acquisition...
   ...reading in data...
   ...cleaning data structure...
   ...identify keys...
   ...checking validity of data structurei...
...data acquisition finished.
------------------------------------------------------------------------------ 
Summary of acquired data:
   Number of students:  72
   Number of homeworks: 10
   Number of midterms:  2
   Number of finals:    1
------------------------------------------------------------------------------ 
Starting calculation of grades and grade projections...
============================================================================== 
grademaster v0.3.0 (2019-11-25)

Johannes Hachmann (hachmann@buffalo.edu) with contributions by:
   Mojtaba Haghighatlari (jobfile, Pandas dataframe) 

============================================================================== 
Mon May  1 18:51:11 2023

This little program is designed to help manage course grades, make grade projections, etc.

Invoked command line: 
grademaster.py --data_file ../tests/grade_dummy_file_v2.csv --error_file error.log --logfile log.log

Invoked options: 
   data_file: ../tests/grade_dummy_file_v2.csv
   job_file: job_file.test
   requestmeeting: False
   print_level: 2
   logfile: log.log
   error_file: error.log

------------------------------------------------------------------------------ 
Starting data acquisition...
   ...reading in data...
   ...cleaning data structure...
   ...identify keys...
   ...checking validity of data structurei...
...data acquisition finished.
------------------------------------------------------------------------------ 
Summary of acquired data:
   Number of students:  72
   Number of homeworks: 10
   Number of midterms:  2
   Number of finals:    1
------------------------------------------------------------------------------ 
Starting calculation of grades and grade projections...
============================================================================== 
grademaster v0.3.0 (2019-11-25)

Johannes Hachmann (hachmann@buffalo.edu) with contributions by:
   Mojtaba Haghighatlari (jobfile, Pandas dataframe) 

============================================================================== 
Mon May  1 18:55:32 2023

This little program is designed to help manage course grades, make grade projections, etc.

Invoked command line: 
grademaster.py --data_file ../tests/grade_dummy_file_v2.csv --error_file error.log --logfile log.log

Invoked options: 
   data_file: ../tests/grade_dummy_file_v2.csv
   job_file: job_file.test
   requestmeeting: False
   print_level: 2
   logfile: log.log
   error_file: error.log

------------------------------------------------------------------------------ 
Starting data acquisition...
   ...reading in data...
   ...cleaning data structure...
   ...identify keys...
   ...checking validity of data structurei...
...data acquisition finished.
------------------------------------------------------------------------------ 
Summary of acquired data:
   Number of students:  72
   Number of homeworks: 10
   Number of midterms:  2
   Number of finals:    1
------------------------------------------------------------------------------ 
Starting calculation of grades and grade projections...
============================================================================== 
grademaster v0.3.0 (2019-11-25)

Johannes Hachmann (hachmann@buffalo.edu) with contributions by:
   Mojtaba Haghighatlari (jobfile, Pandas dataframe) 

============================================================================== 
Mon May  1 18:57:58 2023

This little program is designed to help manage course grades, make grade projections, etc.

Invoked command line: 
grademaster.py --data_file ../tests/grade_dummy_file_v2.csv --error_file error.log --logfile log.log

Invoked options: 
   data_file: ../tests/grade_dummy_file_v2.csv
   job_file: job_file.test
   requestmeeting: False
   print_level: 2
   logfile: log.log
   error_file: error.log

------------------------------------------------------------------------------ 
Starting data acquisition...
   ...reading in data...
   ...cleaning data structure...
   ...identify keys...
   ...checking validity of data structurei...
...data acquisition finished.
------------------------------------------------------------------------------ 
Summary of acquired data:
   Number of students:  72
   Number of homeworks: 10
   Number of midterms:  2
   Number of finals:    1
------------------------------------------------------------------------------ 
Starting calculation of grades and grade projections...
============================================================================== 
grademaster v0.3.0 (2019-11-25)

Johannes Hachmann (hachmann@buffalo.edu) with contributions by:
   Mojtaba Haghighatlari (jobfile, Pandas dataframe) 

============================================================================== 
Mon May  1 19:00:04 2023

This little program is designed to help manage course grades, make grade projections, etc.

Invoked command line: 
grademaster.py --data_file ../tests/grade_dummy_file_v2.csv --error_file error.log --logfile log.log

Invoked options: 
   data_file: ../tests/grade_dummy_file_v2.csv
   job_file: job_file.test
   requestmeeting: False
   print_level: 2
   logfile: log.log
   error_file: error.log

------------------------------------------------------------------------------ 
Starting data acquisition...
   ...reading in data...
   ...cleaning data structure...
   ...identify keys...
   ...checking validity of data structurei...
...data acquisition finished.
------------------------------------------------------------------------------ 
Summary of acquired data:
   Number of students:  72
   Number of homeworks: 10
   Number of midterms:  2
   Number of finals:    1
------------------------------------------------------------------------------ 
Starting calculation of grades and grade projections...
============================================================================== 
grademaster v0.3.0 (2019-11-25)

Johannes Hachmann (hachmann@buffalo.edu) with contributions by:
   Mojtaba Haghighatlari (jobfile, Pandas dataframe) 

============================================================================== 
Mon May  1 19:34:09 2023

This little program is designed to help manage course grades, make grade projections, etc.

Invoked command line: 
grademaster.py --data_file ../tests/grade_dummy_file_v2.csv --error_file error.log --logfile log.log

Invoked options: 
   data_file: ../tests/grade_dummy_file_v2.csv
   job_file: job_file.test
   requestmeeting: False
   print_level: 2
   logfile: log.log
   error_file: error.log

------------------------------------------------------------------------------ 
Starting data acquisition...
   ...reading in data...
   ...cleaning data structure...
   ...identify keys...
   ...checking validity of data structurei...
...data acquisition finished.
------------------------------------------------------------------------------ 
Summary of acquired data:
   Number of students:  72
   Number of homeworks: 10
   Number of midterms:  2
   Number of finals:    1
------------------------------------------------------------------------------ 
Starting calculation of grades and grade projections...
============================================================================== 
grademaster v0.3.0 (2019-11-25)

Johannes Hachmann (hachmann@buffalo.edu) with contributions by:
   Mojtaba Haghighatlari (jobfile, Pandas dataframe) 

============================================================================== 
Mon May  1 19:34:53 2023

This little program is designed to help manage course grades, make grade projections, etc.

Invoked command line: 
grademaster.py --data_file ../tests/grade_dummy_file_v2.csv --error_file error.log --logfile log.log

Invoked options: 
   data_file: ../tests/grade_dummy_file_v2.csv
   job_file: job_file.test
   requestmeeting: False
   print_level: 2
   logfile: log.log
   error_file: error.log

------------------------------------------------------------------------------ 
Starting data acquisition...
   ...reading in data...
   ...cleaning data structure...
   ...identify keys...
   ...checking validity of data structurei...
...data acquisition finished.
------------------------------------------------------------------------------ 
Summary of acquired data:
   Number of students:  72
   Number of homeworks: 10
   Number of midterms:  2
   Number of finals:    1
------------------------------------------------------------------------------ 
Starting calculation of grades and grade projections...
============================================================================== 
grademaster v0.3.0 (2019-11-25)

Johannes Hachmann (hachmann@buffalo.edu) with contributions by:
   Mojtaba Haghighatlari (jobfile, Pandas dataframe) 

============================================================================== 
Mon May  1 19:35:15 2023

This little program is designed to help manage course grades, make grade projections, etc.

Invoked command line: 
grademaster.py --data_file ../tests/grade_dummy_file_v2.csv --error_file error.log --logfile log.log

Invoked options: 
   data_file: ../tests/grade_dummy_file_v2.csv
   job_file: job_file.test
   requestmeeting: False
   print_level: 2
   logfile: log.log
   error_file: error.log

------------------------------------------------------------------------------ 
Starting data acquisition...
   ...reading in data...
   ...cleaning data structure...
   ...identify keys...
   ...checking validity of data structurei...
...data acquisition finished.
------------------------------------------------------------------------------ 
Summary of acquired data:
   Number of students:  72
   Number of homeworks: 10
   Number of midterms:  2
   Number of finals:    1
------------------------------------------------------------------------------ 
Starting calculation of grades and grade projections...
============================================================================== 
grademaster v0.3.0 (2019-11-25)

Johannes Hachmann (hachmann@buffalo.edu) with contributions by:
   Mojtaba Haghighatlari (jobfile, Pandas dataframe) 

============================================================================== 
Mon May  1 19:39:05 2023

This little program is designed to help manage course grades, make grade projections, etc.

Invoked command line: 
grademaster.py --data_file ../tests/grade_dummy_file_v2.csv --error_file error.log --logfile log.log

Invoked options: 
   data_file: ../tests/grade_dummy_file_v2.csv
   job_file: job_file.test
   requestmeeting: False
   print_level: 2
   logfile: log.log
   error_file: error.log

------------------------------------------------------------------------------ 
Starting data acquisition...
   ...reading in data...
   ...cleaning data structure...
   ...identify keys...
   ...checking validity of data structurei...
...data acquisition finished.
------------------------------------------------------------------------------ 
Summary of acquired data:
   Number of students:  72
   Number of homeworks: 10
   Number of midterms:  2
   Number of finals:    1
------------------------------------------------------------------------------ 
Starting calculation of grades and grade projections...
============================================================================== 
grademaster v0.3.0 (2019-11-25)

Johannes Hachmann (hachmann@buffalo.edu) with contributions by:
   Mojtaba Haghighatlari (jobfile, Pandas dataframe) 

============================================================================== 
Mon May  1 19:41:27 2023

This little program is designed to help manage course grades, make grade projections, etc.

Invoked command line: 
grademaster.py --data_file ../tests/grade_dummy_file_v2.csv --error_file error.log --logfile log.log

Invoked options: 
   data_file: ../tests/grade_dummy_file_v2.csv
   job_file: job_file.test
   requestmeeting: False
   print_level: 2
   logfile: log.log
   error_file: error.log

------------------------------------------------------------------------------ 
Starting data acquisition...
   ...reading in data...
   ...cleaning data structure...
   ...identify keys...
   ...checking validity of data structurei...
...data acquisition finished.
------------------------------------------------------------------------------ 
Summary of acquired data:
   Number of students:  72
   Number of homeworks: 10
   Number of midterms:  2
   Number of finals:    1
------------------------------------------------------------------------------ 
Starting calculation of grades and grade projections...
============================================================================== 
grademaster v0.3.0 (2019-11-25)

Johannes Hachmann (hachmann@buffalo.edu) with contributions by:
   Mojtaba Haghighatlari (jobfile, Pandas dataframe) 

============================================================================== 
Mon May  1 19:42:38 2023

This little program is designed to help manage course grades, make grade projections, etc.

Invoked command line: 
grademaster.py --data_file ../tests/grade_dummy_file_v2.csv --error_file error.log --logfile log.log

Invoked options: 
   data_file: ../tests/grade_dummy_file_v2.csv
   job_file: job_file.test
   requestmeeting: False
   print_level: 2
   logfile: log.log
   error_file: error.log

------------------------------------------------------------------------------ 
Starting data acquisition...
   ...reading in data...
   ...cleaning data structure...
   ...identify keys...
   ...checking validity of data structurei...
...data acquisition finished.
------------------------------------------------------------------------------ 
Summary of acquired data:
   Number of students:  72
   Number of homeworks: 10
   Number of midterms:  2
   Number of finals:    1
------------------------------------------------------------------------------ 
Starting calculation of grades and grade projections...
============================================================================== 
grademaster v0.3.0 (2019-11-25)

Johannes Hachmann (hachmann@buffalo.edu) with contributions by:
   Mojtaba Haghighatlari (jobfile, Pandas dataframe) 

============================================================================== 
Mon May  1 19:45:03 2023

This little program is designed to help manage course grades, make grade projections, etc.

Invoked command line: 
grademaster.py --data_file ../tests/grade_dummy_file_v2.csv --error_file error.log --logfile log.log

Invoked options: 
   data_file: ../tests/grade_dummy_file_v2.csv
   job_file: job_file.test
   requestmeeting: False
   print_level: 2
   logfile: log.log
   error_file: error.log

------------------------------------------------------------------------------ 
Starting data acquisition...
   ...reading in data...
   ...cleaning data structure...
   ...identify keys...
   ...checking validity of data structurei...
...data acquisition finished.
------------------------------------------------------------------------------ 
Summary of acquired data:
   Number of students:  72
   Number of homeworks: 10
   Number of midterms:  2
   Number of finals:    1
------------------------------------------------------------------------------ 
Starting calculation of grades and grade projections...
============================================================================== 
grademaster v0.3.0 (2019-11-25)

Johannes Hachmann (hachmann@buffalo.edu) with contributions by:
   Mojtaba Haghighatlari (jobfile, Pandas dataframe) 

============================================================================== 
Mon May  1 20:24:29 2023

This little program is designed to help manage course grades, make grade projections, etc.

Invoked command line: 
grademaster.py --data_file ../tests/grade_dummy_file_v2.csv --error_file error.log --logfile log.log

Invoked options: 
   data_file: ../tests/grade_dummy_file_v2.csv
   job_file: job_file.test
   requestmeeting: False
   print_level: 2
   logfile: log.log
   error_file: error.log

------------------------------------------------------------------------------ 
Starting data acquisition...
   ...reading in data...
   ...cleaning data structure...
   ...identify keys...
   ...checking validity of data structurei...
...data acquisition finished.
------------------------------------------------------------------------------ 
Summary of acquired data:
   Number of students:  72
   Number of homeworks: 10
   Number of midterms:  2
   Number of finals:    1
------------------------------------------------------------------------------ 
Starting calculation of grades and grade projections...
