SLURM_JOBID=13526541
SLURM_JOB_NODELIST=cpn-m23-33
SLURM_NNODES=1
SLURMTMPDIR=/scratch/13526541
working directory=/projects/academic/alexeyak/mohammad/spring2023/ce451/github/HW20/2_tddft_tzvp
[cpn-m23-33.compute.cbls.ccr.buffalo.edu:18782] mca_base_component_repository_open: unable to open mca_io_romio314: libgpfs.so: cannot open shared object file: No such file or directory (ignored)
[cpn-m23-33.compute.cbls.ccr.buffalo.edu:18769] mca_base_component_repository_open: unable to open mca_io_romio314: libgpfs.so: cannot open shared object file: No such file or directory (ignored)
[cpn-m23-33.compute.cbls.ccr.buffalo.edu:18776] mca_base_component_repository_open: unable to open mca_io_romio314: libgpfs.so: cannot open shared object file: No such file or directory (ignored)
[cpn-m23-33.compute.cbls.ccr.buffalo.edu:18768] mca_base_component_repository_open: unable to open mca_io_romio314: libgpfs.so: cannot open shared object file: No such file or directory (ignored)
[cpn-m23-33.compute.cbls.ccr.buffalo.edu:18771] mca_base_component_repository_open: unable to open mca_io_romio314: libgpfs.so: cannot open shared object file: No such file or directory (ignored)
[cpn-m23-33.compute.cbls.ccr.buffalo.edu:18767] mca_base_component_repository_open: unable to open mca_io_romio314: libgpfs.so: cannot open shared object file: No such file or directory (ignored)
[cpn-m23-33.compute.cbls.ccr.buffalo.edu:18772] mca_base_component_repository_open: unable to open mca_io_romio314: libgpfs.so: cannot open shared object file: No such file or directory (ignored)
[cpn-m23-33.compute.cbls.ccr.buffalo.edu:18775] mca_base_component_repository_open: unable to open mca_io_romio314: libgpfs.so: cannot open shared object file: No such file or directory (ignored)
[cpn-m23-33.compute.cbls.ccr.buffalo.edu:18773] mca_base_component_repository_open: unable to open mca_io_romio314: libgpfs.so: cannot open shared object file: No such file or directory (ignored)
[cpn-m23-33.compute.cbls.ccr.buffalo.edu:18781] mca_base_component_repository_open: unable to open mca_io_romio314: libgpfs.so: cannot open shared object file: No such file or directory (ignored)
[cpn-m23-33.compute.cbls.ccr.buffalo.edu:18770] mca_base_component_repository_open: unable to open mca_io_romio314: libgpfs.so: cannot open shared object file: No such file or directory (ignored)
[cpn-m23-33.compute.cbls.ccr.buffalo.edu:18778] mca_base_component_repository_open: unable to open mca_io_romio314: libgpfs.so: cannot open shared object file: No such file or directory (ignored)
[cpn-m23-33.compute.cbls.ccr.buffalo.edu:18779] mca_base_component_repository_open: unable to open mca_io_romio314: libgpfs.so: cannot open shared object file: No such file or directory (ignored)
[cpn-m23-33.compute.cbls.ccr.buffalo.edu:18777] mca_base_component_repository_open: unable to open mca_io_romio314: libgpfs.so: cannot open shared object file: No such file or directory (ignored)
[cpn-m23-33.compute.cbls.ccr.buffalo.edu:18784] mca_base_component_repository_open: unable to open mca_io_romio314: libgpfs.so: cannot open shared object file: No such file or directory (ignored)
[cpn-m23-33.compute.cbls.ccr.buffalo.edu:18774] mca_base_component_repository_open: unable to open mca_io_romio314: libgpfs.so: cannot open shared object file: No such file or directory (ignored)
