Exctation energies are: [1.28665, 1.6014, 1.64088, 1.66143, 1.68765, 1.79359, 1.87028, 1.9058, 1.9225, 1.94141]

CI basis are: [[[160, 161]], [[160, 162], [159, 161], [160, 164], [158, 161]], [[159, 161], [160, 163], [160, 164], [160, 162], [160, 165], [160, 166]], [[160, 163], [159, 161], [160, 164], [157, 161]], [[160, 164], [159, 161], [160, 163], [160, 162]], [[158, 161], [160, 166], [160, 165], [160, 169], [160, 162]], [[160, 165], [157, 161], [160, 168], [158, 161], [160, 166], [160, 171], [160, 167], [159, 163], [160, 169], [160, 163]], [[160, 166], [157, 161], [160, 165], [158, 161], [160, 168], [160, 167], [159, 164]], [[157, 161], [160, 165], [160, 166], [158, 161], [160, 168], [159, 162], [160, 169], [160, 171], [160, 167], [159, 161]], [[159, 162], [160, 167], [160, 168], [159, 163], [160, 166]]]

CI coefficients are: [[-0.99175], [0.982708, -0.120361, -0.063332, 0.050431], [-0.950505, -0.176897, 0.176358, -0.118011, -0.066404, 0.062243], [-0.966142, 0.20209, 0.099767, 0.058906], [-0.97017, -0.147591, -0.130277, -0.084102], [0.857039, 0.350488, -0.302936, 0.135791, -0.056128], [0.721925, -0.578469, -0.201109, 0.193264, 0.149943, -0.075584, -0.072256, -0.065735, 0.059048, -0.052399], [-0.786852, -0.429292, -0.30846, 0.211593, -0.168465, -0.077951, 0.051511], [-0.563737, -0.515699, 0.450032, -0.362702, -0.198295, 0.122465, -0.067494, -0.062388, -0.057722, 0.054405], [-0.776091, -0.594323, 0.089667, 0.087026, 0.085257]]

Spin components are: [['alp'], ['alp', 'alp', 'alp', 'alp'], ['alp', 'alp', 'alp', 'alp', 'alp', 'alp'], ['alp', 'alp', 'alp', 'alp'], ['alp', 'alp', 'alp', 'alp'], ['alp', 'alp', 'alp', 'alp', 'alp'], ['alp', 'alp', 'alp', 'alp', 'alp', 'alp', 'alp', 'alp', 'alp', 'alp'], ['alp', 'alp', 'alp', 'alp', 'alp', 'alp', 'alp'], ['alp', 'alp', 'alp', 'alp', 'alp', 'alp', 'alp', 'alp', 'alp', 'alp'], ['alp', 'alp', 'alp', 'alp', 'alp']]
Found K-point, will proceed reading the coefficients for each K POINT...
Done reading coefficients for K-point 1
Done reading coefficients for K-point 2
Done reading coefficients for K-point 3
Done reading coefficients for K-point 4
Done reading coefficients for K-point 5
Done reading coefficients for K-point 6
Done reading coefficients for K-point 7
Done reading coefficients for K-point 8
Done reading coefficients for K-point 9
Elapsed time: 0.0019559860229492188

Energies are: [[-0.64604391 -0.55601878 -0.37219256 -0.23923208 -0.2195073  -0.21244356
  -0.07895306  0.07592591]
 [-0.62571498 -0.61267608 -0.33700287 -0.26436304 -0.14214333 -0.12248831
  -0.09871987  0.00314712]
 [-0.53013689 -0.4965125  -0.44253924 -0.39833108 -0.29232274 -0.058919
  -0.058919    0.56213771]
 [-0.62571498 -0.61267608 -0.33700287 -0.26436304 -0.14214333 -0.12248831
  -0.09871987  0.00314712]
 [-0.785262   -0.33886997 -0.21448419 -0.21445464  0.233081    0.23310999
   0.33956181  0.39994123]
 [-0.62571498 -0.61267608 -0.33700287 -0.26436304 -0.14214333 -0.12248831
  -0.09871987  0.00314712]
 [-0.53013689 -0.4965125  -0.44253924 -0.39833108 -0.29232274 -0.058919
  -0.058919    0.56213771]
 [-0.62571498 -0.61267608 -0.33700287 -0.26436304 -0.14214333 -0.12248831
  -0.09871987  0.00314712]
 [-0.64604391 -0.55601878 -0.37219256 -0.23923208 -0.2195073  -0.21244356
  -0.07895306  0.07592591]]

Molecular orbitals coefficients shape is: (9, 8, 18)

Molecular orbitals coefficients are: [[[-2.76865400e-02  1.97659920e-01  5.74460000e-03 ...  3.45877000e-03
   -0.00000000e+00  5.99076000e-03]
  [ 1.17294900e-02  8.88623000e-03  8.90171000e-02 ... -1.76161230e-01
    0.00000000e+00 -3.05120190e-01]
  [-3.01733000e-03  5.79425000e-03 -1.71169560e-01 ... -1.98684450e-01
    0.00000000e+00 -3.44131570e-01]
  ...
  [-0.00000000e+00 -0.00000000e+00 -3.77109200e-01 ... -4.64332750e-01
    0.00000000e+00  2.68082640e-01]
  [ 0.00000000e+00  0.00000000e+00 -3.33434140e-01 ...  7.92435820e-01
    0.00000000e+00 -4.57513030e-01]
  [-0.00000000e+00 -0.00000000e+00  0.00000000e+00 ... -0.00000000e+00
    7.12180500e-01 -0.00000000e+00]]

 [[-2.66562300e-02  1.32185500e-01  9.23176700e-02 ...  1.51532600e-02
    0.00000000e+00 -2.62526300e-02]
  [-2.14867700e-02  1.61581540e-01 -7.00855100e-02 ... -1.84125350e-01
   -0.00000000e+00  3.18912470e-01]
  [-1.84180700e-02 -8.40769400e-02 -1.61192580e-01 ...  2.11671600e-01
   -0.00000000e+00 -3.66632750e-01]
  ...
  [ 0.00000000e+00  0.00000000e+00 -0.00000000e+00 ...  0.00000000e+00
    4.53137040e-01 -0.00000000e+00]
  [ 2.40792200e-02 -7.69640200e-02  3.15500300e-02 ... -8.46516660e-01
    0.00000000e+00  1.46621750e+00]
  [ 1.10000000e-07  3.04000000e-06  2.47776830e-01 ... -1.78613843e+00
   -0.00000000e+00 -1.03120892e+00]]

 [[-2.03994600e-02  1.85893640e-01  1.38964560e-01 ... -4.81114900e-02
    0.00000000e+00 -8.33315400e-02]
  [ 2.21342000e-02 -2.26396750e-01  8.45896800e-02 ...  2.45121650e-01
   -0.00000000e+00  4.24563150e-01]
  [ 0.00000000e+00  0.00000000e+00 -2.98021940e-01 ... -2.46911810e-01
    0.00000000e+00  1.42554600e-01]
  ...
  [ 0.00000000e+00  0.00000000e+00  0.00000000e+00 ...  0.00000000e+00
    4.41293100e-01  0.00000000e+00]
  [-0.00000000e+00 -0.00000000e+00  0.00000000e+00 ...  0.00000000e+00
    4.41293980e-01  0.00000000e+00]
  [-2.48005600e-02  9.29309500e-02  3.04171170e-01 ...  1.23683930e+00
   -0.00000000e+00  2.14226851e+00]]

 ...

 [[-2.03994600e-02  1.85893640e-01  1.38964560e-01 ... -4.81114900e-02
    0.00000000e+00 -8.33315400e-02]
  [ 2.21342000e-02 -2.26396750e-01  8.45896800e-02 ...  2.45121650e-01
   -0.00000000e+00  4.24563150e-01]
  [ 0.00000000e+00  0.00000000e+00 -2.98021940e-01 ... -2.46911810e-01
    0.00000000e+00  1.42554600e-01]
  ...
  [ 0.00000000e+00  0.00000000e+00  0.00000000e+00 ...  0.00000000e+00
    4.41293100e-01  0.00000000e+00]
  [-0.00000000e+00 -0.00000000e+00  0.00000000e+00 ...  0.00000000e+00
    4.41293980e-01  0.00000000e+00]
  [-2.48005600e-02  9.29309500e-02  3.04171170e-01 ...  1.23683930e+00
   -0.00000000e+00  2.14226851e+00]]

 [[-2.66562300e-02  1.32185500e-01  9.23176700e-02 ...  1.51532600e-02
    0.00000000e+00 -2.62526300e-02]
  [-2.14867700e-02  1.61581540e-01 -7.00855100e-02 ... -1.84125350e-01
   -0.00000000e+00  3.18912470e-01]
  [-1.84180700e-02 -8.40769400e-02 -1.61192580e-01 ...  2.11671600e-01
   -0.00000000e+00 -3.66632750e-01]
  ...
  [ 0.00000000e+00  0.00000000e+00 -0.00000000e+00 ...  0.00000000e+00
    4.53137040e-01 -0.00000000e+00]
  [ 2.40792200e-02 -7.69640200e-02  3.15500300e-02 ... -8.46516660e-01
    0.00000000e+00  1.46621750e+00]
  [ 1.10000000e-07  3.04000000e-06  2.47776830e-01 ... -1.78613843e+00
   -0.00000000e+00 -1.03120892e+00]]

 [[-2.76865400e-02  1.97659920e-01  5.74460000e-03 ...  3.45877000e-03
   -0.00000000e+00  5.99076000e-03]
  [ 1.17294900e-02  8.88623000e-03  8.90171000e-02 ... -1.76161230e-01
    0.00000000e+00 -3.05120190e-01]
  [-3.01733000e-03  5.79425000e-03 -1.71169560e-01 ... -1.98684450e-01
    0.00000000e+00 -3.44131570e-01]
  ...
  [-0.00000000e+00 -0.00000000e+00 -3.77109200e-01 ... -4.64332750e-01
    0.00000000e+00  2.68082640e-01]
  [ 0.00000000e+00  0.00000000e+00 -3.33434140e-01 ...  7.92435820e-01
    0.00000000e+00 -4.57513030e-01]
  [-0.00000000e+00 -0.00000000e+00  0.00000000e+00 ... -0.00000000e+00
    7.12180500e-01 -0.00000000e+00]]]
